<?xml version="1.0" encoding="utf-8"?>
<shfbBuild product="Sandcastle Help File Builder and Tools" version="2023.3.4.0" projectFile="C:\Users\mdnon\Desktop\2DAM\DI\EjerDI\11FREAKS\Documentacion\Documentacion.shfbproj" started="30/05/2023 22:57:50">
<buildStep step="Initializing">
The Sandcastle tools are located in &#39;C:\Program Files (x86)\EWSoftware\Sandcastle Help File Builder&#39;
Locating components in the following folder(s):
    C:\Users\mdnon\Desktop\2DAM\DI\EjerDI\11FREAKS\Documentacion
    C:\ProgramData\EWSoftware\Sandcastle Help File Builder\Components and Plug-Ins
    C:\Program Files (x86)\EWSoftware\Sandcastle Help File Builder\Components
Using framework reflection data for &#39;.NET Framework 4.7.2&#39; located in &#39;C:\Program Files (x86)\EWSoftware\Sandcastle Help File Builder\Data\.NETFramework&#39;
Using presentation style &#39;Default2022&#39; located in &#39;C:\Program Files (x86)\EWSoftware\Sandcastle Help File Builder\Components\Default2022&#39;
Loading and initializing plug-ins...
Website Table of Contents Generator Version 2023.3.4.0
Copyright &#169; 2006-2023, Eric Woodruff, All Rights Reserved
</buildStep>
<buildStep step="ClearWorkFolder">
Clearing working folder...
-------------------------------
Clearing any prior web/markdown output...
</buildStep>
<buildStep step="ValidatingDocumentationSources">
Validating and copying documentation source information
Source: C:\Users\mdnon\Desktop\2DAM\DI\EjerDI\11FREAKS\Documentacion\Documentacion.shfbproj
    Found project &#39;C:\Users\mdnon\Desktop\2DAM\DI\EjerDI\11FREAKS\Documentacion\Documentacion.shfbproj&#39;
Source: C:\Users\mdnon\Desktop\2DAM\DI\EjerDI\11FREAKS\11FREAKS\11FREAKS.csproj
    Found project &#39;C:\Users\mdnon\Desktop\2DAM\DI\EjerDI\11FREAKS\11FREAKS\11FREAKS.csproj&#39;
Source: C:\Users\mdnon\Desktop\2DAM\DI\EjerDI\11FREAKS\11FREAKS\bin\Release\net6.0-windows\11FREAKS.xml
Source: C:\Users\mdnon\Desktop\2DAM\DI\EjerDI\11FREAKS\11FREAKS\bin\Release\net6.0-windows\11FREAKS.dll
    Found assembly &#39;C:\Users\mdnon\Desktop\2DAM\DI\EjerDI\11FREAKS\11FREAKS\bin\Release\net6.0-windows\11FREAKS.dll&#39;

Parsing project files
    Last step completed in 00:00:00,2454
</buildStep>
<buildStep step="Failed">

SHFB: Error BE0040: Project assembly does not exist: C:\Users\mdnon\Desktop\2DAM\DI\EjerDI\11FREAKS\Documentacion\.\Help\Documentation.exe
   en SandcastleBuilder.Utils.BuildEngine.BuildProcess.ValidateDocumentationSources()
   en SandcastleBuilder.Utils.BuildEngine.BuildProcess.Build()

</buildStep>
</shfbBuild>
